<?xml version="1.0" encoding="UTF-8"?>
<testsuite xmlns:xsi="http://www.w3.org/2001/XMLSchema-instance" xsi:noNamespaceSchemaLocation="https://maven.apache.org/surefire/maven-failsafe-plugin/xsd/failsafe-test-report.xsd" name="comments dummyjson" time="39.268" tests="16" errors="0" skipped="0" failures="0">
  <properties>
[...]
</properties>
  <testcase name="Get list comments" classname="comments dummyjson" time="22.449"/>
  <testcase name="Get comments id #1" classname="comments dummyjson" time="1.53"/>
  <testcase name="Get comments id #2" classname="comments dummyjson" time="1.16"/>
  <testcase name="Get comments id #3" classname="comments dummyjson" time="1.092"/>
  <testcase name="Get comments post id #1" classname="comments dummyjson" time="1.078"/>
  <testcase name="Get comments post id #2" classname="comments dummyjson" time="1.046"/>
  <testcase name="Get comments post id #3" classname="comments dummyjson" time="1.04"/>
  <testcase name="Get comments post id #4" classname="comments dummyjson" time="1.159"/>
  <testcase name="Get comment with invalid id" classname="comments dummyjson" time="1.14"/>
  <testcase name="Post new comments" classname="comments dummyjson" time="1.231"/>
  <testcase name="Put update comments #1" classname="comments dummyjson" time="1.093"/>
  <testcase name="Put update comments #2" classname="comments dummyjson" time="1.059"/>
  <testcase name="Put update comments #3" classname="comments dummyjson" time="1.015"/>
  <testcase name="Delete comments #1" classname="comments dummyjson" time="1.093"/>
  <testcase name="Delete comments #2" classname="comments dummyjson" time="1.025"/>
  <testcase name="Delete comments #3" classname="comments dummyjson" time="1.048"/>
</testsuite>